./deploy.sh: line 9: venv/bin/activate: No such file or directory
Defaulting to user installation because normal site-packages is not writeable
Collecting flask==2.0.1 (from -r requirements.txt (line 1))
  Using cached Flask-2.0.1-py3-none-any.whl.metadata (3.8 kB)
Collecting gunicorn==20.1.0 (from -r requirements.txt (line 2))
  Using cached gunicorn-20.1.0-py3-none-any.whl.metadata (3.8 kB)
Collecting pandas==1.3.3 (from -r requirements.txt (line 3))
  Using cached pandas-1.3.3-cp310-cp310-manylinux_2_17_x86_64.manylinux2014_x86_64.whl.metadata (11 kB)
Collecting numpy==1.21.2 (from -r requirements.txt (line 4))
  Using cached numpy-1.21.2-cp310-cp310-manylinux_2_17_x86_64.manylinux2014_x86_64.whl.metadata (2.1 kB)
Collecting matplotlib==3.4.3 (from -r requirements.txt (line 5))
  Using cached matplotlib-3.4.3.tar.gz (37.9 MB)
  Preparing metadata (setup.py): started
  Preparing metadata (setup.py): finished with status 'done'
ERROR: Ignored the following yanked versions: 1.11.0, 1.14.0rc1
ERROR: Could not find a version that satisfies the requirement scipy==1.7.1 (from versions: 0.8.0, 0.9.0, 0.10.0, 0.10.1, 0.11.0, 0.12.0, 0.12.1, 0.13.0, 0.13.1, 0.13.2, 0.13.3, 0.14.0, 0.14.1, 0.15.0, 0.15.1, 0.16.0, 0.16.1, 0.17.0, 0.17.1, 0.18.0, 0.18.1, 0.19.0, 0.19.1, 1.0.0, 1.0.1, 1.1.0, 1.2.0, 1.2.1, 1.2.2, 1.2.3, 1.3.0, 1.3.1, 1.3.2, 1.3.3, 1.4.0, 1.4.1, 1.5.0, 1.5.1, 1.5.2, 1.5.3, 1.5.4, 1.6.0, 1.6.1, 1.7.2, 1.7.3, 1.8.0rc1, 1.8.0rc2, 1.8.0rc3, 1.8.0rc4, 1.8.0, 1.8.1, 1.9.0rc1, 1.9.0rc2, 1.9.0rc3, 1.9.0, 1.9.1, 1.9.2, 1.9.3, 1.10.0rc1, 1.10.0rc2, 1.10.0, 1.10.1, 1.11.0rc1, 1.11.0rc2, 1.11.1, 1.11.2, 1.11.3, 1.11.4, 1.12.0rc1, 1.12.0rc2, 1.12.0, 1.13.0rc1, 1.13.0, 1.13.1, 1.14.0rc2, 1.14.0, 1.14.1, 1.15.0rc1, 1.15.0rc2, 1.15.0, 1.15.1, 1.15.2)
ERROR: No matching distribution found for scipy==1.7.1
./deploy.sh: line 18: syntax error near unexpected token `('
./deploy.sh: line 18: `gunicorn --bind 0.0.0.0:8000 --workers 4 --timeout 120 --access-logfile logs/access.log --error-logfile logs/error.log src.ui.app:create_app() '
./deploy.sh: line 9: venv/bin/activate: No such file or directory
Defaulting to user installation because normal site-packages is not writeable
Collecting flask==2.0.1 (from -r requirements.txt (line 1))
  Using cached Flask-2.0.1-py3-none-any.whl.metadata (3.8 kB)
Collecting gunicorn==20.1.0 (from -r requirements.txt (line 2))
  Using cached gunicorn-20.1.0-py3-none-any.whl.metadata (3.8 kB)
Collecting pandas==1.3.3 (from -r requirements.txt (line 3))
  Using cached pandas-1.3.3-cp310-cp310-manylinux_2_17_x86_64.manylinux2014_x86_64.whl.metadata (11 kB)
Collecting numpy==1.21.2 (from -r requirements.txt (line 4))
  Using cached numpy-1.21.2-cp310-cp310-manylinux_2_17_x86_64.manylinux2014_x86_64.whl.metadata (2.1 kB)
Collecting matplotlib==3.4.3 (from -r requirements.txt (line 5))
  Using cached matplotlib-3.4.3.tar.gz (37.9 MB)
  Preparing metadata (setup.py): started
  Preparing metadata (setup.py): finished with status 'done'
ERROR: Ignored the following yanked versions: 1.11.0, 1.14.0rc1
ERROR: Could not find a version that satisfies the requirement scipy==1.7.1 (from versions: 0.8.0, 0.9.0, 0.10.0, 0.10.1, 0.11.0, 0.12.0, 0.12.1, 0.13.0, 0.13.1, 0.13.2, 0.13.3, 0.14.0, 0.14.1, 0.15.0, 0.15.1, 0.16.0, 0.16.1, 0.17.0, 0.17.1, 0.18.0, 0.18.1, 0.19.0, 0.19.1, 1.0.0, 1.0.1, 1.1.0, 1.2.0, 1.2.1, 1.2.2, 1.2.3, 1.3.0, 1.3.1, 1.3.2, 1.3.3, 1.4.0, 1.4.1, 1.5.0, 1.5.1, 1.5.2, 1.5.3, 1.5.4, 1.6.0, 1.6.1, 1.7.2, 1.7.3, 1.8.0rc1, 1.8.0rc2, 1.8.0rc3, 1.8.0rc4, 1.8.0, 1.8.1, 1.9.0rc1, 1.9.0rc2, 1.9.0rc3, 1.9.0, 1.9.1, 1.9.2, 1.9.3, 1.10.0rc1, 1.10.0rc2, 1.10.0, 1.10.1, 1.11.0rc1, 1.11.0rc2, 1.11.1, 1.11.2, 1.11.3, 1.11.4, 1.12.0rc1, 1.12.0rc2, 1.12.0, 1.13.0rc1, 1.13.0, 1.13.1, 1.14.0rc2, 1.14.0, 1.14.1, 1.15.0rc1, 1.15.0rc2, 1.15.0, 1.15.1, 1.15.2)
ERROR: No matching distribution found for scipy==1.7.1
./deploy.sh: line 18: syntax error near unexpected token `('
./deploy.sh: line 18: `gunicorn --bind 0.0.0.0:8000 --workers 4 --timeout 120 --access-logfile logs/access.log --error-logfile logs/error.log src.ui.app:create_app() '
